<?xml version="1.0" encoding="UTF-8"?>
<!-- Generated by org.testng.reporters.JUnitReportReporter -->
<testsuite ignored="0" hostname="BKLAP117" failures="0" tests="3" name="com.bk_automation_testNG_prototype.testScripts.loginPage.NidaanLoginTest" time="24.666" errors="0" timestamp="09 Jun 2022 11:11:23 GMT" skipped="0">
  <testcase classname="com.bk_automation_testNG_prototype.testScripts.loginPage.NidaanLoginTest" name="verifyLogin_ValidCredentials" time="7.689"/>
  <testcase classname="com.bk_automation_testNG_prototype.testScripts.loginPage.NidaanLoginTest" name="verifyLogin_ValidCredentials" time="9.342"/>
  <testcase classname="com.bk_automation_testNG_prototype.testScripts.loginPage.NidaanLoginTest" name="verifyLogin_ValidCredentials" time="7.635"/>
</testsuite> <!-- com.bk_automation_testNG_prototype.testScripts.loginPage.NidaanLoginTest -->
