<?xml version="1.0" encoding="UTF-8"?>
<!-- Generated by org.testng.reporters.JUnitReportReporter -->
<testsuite ignored="0" hostname="BKLAP117" failures="0" tests="1" name="com.bk_automation_testNG_prototype.testScripts.loginPage.Bk_ContactUsTest_PositiveCase" time="28.236" errors="0" timestamp="04 May 2022 12:08:54 GMT" skipped="0">
  <testcase classname="com.bk_automation_testNG_prototype.testScripts.loginPage.Bk_ContactUsTest_PositiveCase" name="fillContactInformation_PositiveCase" time="28.236"/>
</testsuite> <!-- com.bk_automation_testNG_prototype.testScripts.loginPage.Bk_ContactUsTest_PositiveCase -->
