<?xml version="1.0" encoding="UTF-8"?>
<!-- Generated by org.testng.reporters.JUnitReportReporter -->
<testsuite ignored="0" hostname="BKLAP136" failures="0" tests="1" name="com.bk_automation_testNG_prototype.testScripts.loginPage.BeyondIntranet_Web" time="20.521" errors="0" timestamp="18 Aug 2022 08:20:18 GMT" skipped="0">
  <testcase classname="com.bk_automation_testNG_prototype.testScripts.loginPage.BeyondIntranet_Web" name="testing" time="20.521"/>
</testsuite> <!-- com.bk_automation_testNG_prototype.testScripts.loginPage.BeyondIntranet_Web -->
