<?xml version="1.0" encoding="UTF-8"?>
<!-- Generated by org.testng.reporters.JUnitReportReporter -->
<testsuite ignored="0" hostname="BKLAP136" failures="0" tests="1" name="com.bk_automation_testNG_prototype.testScripts.loginPage.Qsc_SignIn_SuccessTest" time="24.552" errors="0" timestamp="22 Aug 2022 06:27:01 GMT" skipped="0">
  <testcase classname="com.bk_automation_testNG_prototype.testScripts.loginPage.Qsc_SignIn_SuccessTest" name="SignIn_SuccessfullTest" time="24.552"/>
</testsuite> <!-- com.bk_automation_testNG_prototype.testScripts.loginPage.Qsc_SignIn_SuccessTest -->
