<?xml version="1.0" encoding="UTF-8"?>
<!-- Generated by org.testng.reporters.JUnitReportReporter -->
<testsuite ignored="0" hostname="BKLAP117" failures="0" tests="1" name="com.bk_automation_testNG_prototype.testScripts.loginPage.ContactUsTest_SuccessCase" time="19.221" errors="0" timestamp="11 May 2022 17:34:35 GMT" skipped="0">
  <testcase classname="com.bk_automation_testNG_prototype.testScripts.loginPage.ContactUsTest_SuccessCase" name="contactUsTestSuccessCase" time="19.221"/>
</testsuite> <!-- com.bk_automation_testNG_prototype.testScripts.loginPage.ContactUsTest_SuccessCase -->
