<?xml version="1.0" encoding="UTF-8"?>
<!-- Generated by org.testng.reporters.JUnitReportReporter -->
<testsuite ignored="0" hostname="BKLAP117" failures="0" tests="1" name="com.bk_automation_testNG_prototype.testScripts.loginPage.NidaanLoginTest" time="9.763" errors="0" timestamp="05 Apr 2022 12:15:54 GMT" skipped="0">
  <testcase classname="com.bk_automation_testNG_prototype.testScripts.loginPage.NidaanLoginTest" name="verifyLogin_ValidCredentials" time="9.763"/>
</testsuite> <!-- com.bk_automation_testNG_prototype.testScripts.loginPage.NidaanLoginTest -->
