<?xml version="1.0" encoding="UTF-8"?>
<!-- Generated by org.testng.reporters.JUnitReportReporter -->
<testsuite ignored="0" hostname="BKLAP117" failures="0" tests="1" name="com.bk_automation_testNG_prototype.testScripts.loginPage.SurveyFormTesting" time="172.355" errors="0" timestamp="10 Jun 2022 15:48:33 GMT" skipped="0">
  <testcase classname="com.bk_automation_testNG_prototype.testScripts.loginPage.SurveyFormTesting" name="testSurveyForm" time="172.355"/>
</testsuite> <!-- com.bk_automation_testNG_prototype.testScripts.loginPage.SurveyFormTesting -->
