<?xml version="1.0" encoding="UTF-8"?>
<!-- Generated by org.testng.reporters.JUnitReportReporter -->
<testsuite ignored="0" hostname="BKLAP136" failures="0" tests="1" name="com.bk_automation_testNG_prototype.testScripts.loginPage.BeyondIntranet" time="15.687" errors="0" timestamp="19 Aug 2022 13:31:56 GMT" skipped="0">
  <testcase classname="com.bk_automation_testNG_prototype.testScripts.loginPage.BeyondIntranet" name="testing" time="15.687"/>
</testsuite> <!-- com.bk_automation_testNG_prototype.testScripts.loginPage.BeyondIntranet -->
